# JRE version: OpenJDK Runtime Environment (11.0.8+10) (build 11.0.8+10-b944.6842174)
# Java VM: OpenJDK 64-Bit Server VM (11.0.8+10-b944.6842174, mixed mode, tiered, compressed oops, g1 gc, windows-amd64)
Heap:
 garbage-first heap   total 262144K, used 96236K [0x0000000080000000, 0x0000000100000000)
  region size 1024K, 50 young (51200K), 9 survivors (9216K)
 Metaspace       used 70871K, capacity 72480K, committed 72652K, reserved 1112064K
  class space    used 9278K, capacity 9861K, committed 9984K, reserved 1048576K
GC Heap History (20 events):
Event: 4.524 GC heap before
{Heap before GC invocations=1 (full 0):
 garbage-first heap   total 262144K, used 19405K [0x0000000080000000, 0x0000000100000000)
  region size 1024K, 13 young (13312K), 2 survivors (2048K)
 Metaspace       used 10841K, capacity 11002K, committed 11264K, reserved 1058816K
  class space    used 1142K, capacity 1202K, committed 1280K, reserved 1048576K
}
Event: 4.526 GC heap after
{Heap after GC invocations=2 (full 0):
 garbage-first heap   total 262144K, used 9014K [0x0000000080000000, 0x0000000100000000)
  region size 1024K, 1 young (1024K), 1 survivors (1024K)
 Metaspace       used 10841K, capacity 11002K, committed 11264K, reserved 1058816K
  class space    used 1142K, capacity 1202K, committed 1280K, reserved 1048576K
}
Event: 5.731 GC heap before
{Heap before GC invocations=2 (full 0):
 garbage-first heap   total 262144K, used 35638K [0x0000000080000000, 0x0000000100000000)
  region size 1024K, 28 young (28672K), 1 survivors (1024K)
 Metaspace       used 11033K, capacity 11259K, committed 11520K, reserved 1058816K
  class space    used 1143K, capacity 1202K, committed 1280K, reserved 1048576K
}
Event: 5.735 GC heap after
{Heap after GC invocations=3 (full 0):
 garbage-first heap   total 262144K, used 13082K [0x0000000080000000, 0x0000000100000000)
  region size 1024K, 4 young (4096K), 4 survivors (4096K)
 Metaspace       used 11033K, capacity 11259K, committed 11520K, reserved 1058816K
  class space    used 1143K, capacity 1202K, committed 1280K, reserved 1048576K
}
Event: 7.197 GC heap before
{Heap before GC invocations=3 (full 0):
 garbage-first heap   total 262144K, used 54042K [0x0000000080000000, 0x0000000100000000)
  region size 1024K, 44 young (45056K), 4 survivors (4096K)
 Metaspace       used 18497K, capacity 18908K, committed 19072K, reserved 1067008K
  class space    used 2211K, capacity 2360K, committed 2432K, reserved 1048576K
}
Event: 7.205 GC heap after
{Heap after GC invocations=4 (full 0):
 garbage-first heap   total 262144K, used 16356K [0x0000000080000000, 0x0000000100000000)
  region size 1024K, 4 young (4096K), 4 survivors (4096K)
 Metaspace       used 18497K, capacity 18908K, committed 19072K, reserved 1067008K
  class space    used 2211K, capacity 2360K, committed 2432K, reserved 1048576K
}
Event: 7.353 GC heap before
{Heap before GC invocations=4 (full 0):
 garbage-first heap   total 262144K, used 31716K [0x0000000080000000, 0x0000000100000000)
  region size 1024K, 20 young (20480K), 4 survivors (4096K)
 Metaspace       used 20605K, capacity 21096K, committed 21248K, reserved 1067008K
  class space    used 2524K, capacity 2711K, committed 2816K, reserved 1048576K
}
Event: 7.357 GC heap after
{Heap after GC invocations=5 (full 0):
 garbage-first heap   total 262144K, used 16898K [0x0000000080000000, 0x0000000100000000)
  region size 1024K, 4 young (4096K), 4 survivors (4096K)
 Metaspace       used 20605K, capacity 21096K, committed 21248K, reserved 1067008K
  class space    used 2524K, capacity 2711K, committed 2816K, reserved 1048576K
}
Event: 8.076 GC heap before
{Heap before GC invocations=6 (full 0):
 garbage-first heap   total 262144K, used 81410K [0x0000000080000000, 0x0000000100000000)
  region size 1024K, 68 young (69632K), 4 survivors (4096K)
 Metaspace       used 27702K, capacity 28326K, committed 28544K, reserved 1073152K
  class space    used 3657K, capacity 3891K, committed 3968K, reserved 1048576K
}
Event: 8.083 GC heap after
{Heap after GC invocations=7 (full 0):
 garbage-first heap   total 262144K, used 19210K [0x0000000080000000, 0x0000000100000000)
  region size 1024K, 6 young (6144K), 6 survivors (6144K)
 Metaspace       used 27702K, capacity 28326K, committed 28544K, reserved 1073152K
  class space    used 3657K, capacity 3891K, committed 3968K, reserved 1048576K
}
Event: 8.607 GC heap before
{Heap before GC invocations=7 (full 0):
 garbage-first heap   total 262144K, used 51978K [0x0000000080000000, 0x0000000100000000)
  region size 1024K, 40 young (40960K), 6 survivors (6144K)
 Metaspace       used 35054K, capacity 35820K, committed 35840K, reserved 1081344K
  class space    used 4563K, capacity 4857K, committed 4864K, reserved 1048576K
}
Event: 8.620 GC heap after
{Heap after GC invocations=8 (full 0):
 garbage-first heap   total 262144K, used 22133K [0x0000000080000000, 0x0000000100000000)
  region size 1024K, 9 young (9216K), 9 survivors (9216K)
 Metaspace       used 35054K, capacity 35820K, committed 35840K, reserved 1081344K
  class space    used 4563K, capacity 4857K, committed 4864K, reserved 1048576K
}
Event: 10.060 GC heap before
{Heap before GC invocations=9 (full 0):
 garbage-first heap   total 262144K, used 136821K [0x0000000080000000, 0x0000000100000000)
  region size 1024K, 118 young (120832K), 9 survivors (9216K)
 Metaspace       used 44292K, capacity 45341K, committed 45516K, reserved 1089536K
  class space    used 5671K, capacity 6044K, committed 6144K, reserved 1048576K
}
Event: 10.078 GC heap after
{Heap after GC invocations=10 (full 0):
 garbage-first heap   total 262144K, used 29030K [0x0000000080000000, 0x0000000100000000)
  region size 1024K, 13 young (13312K), 13 survivors (13312K)
 Metaspace       used 44292K, capacity 45341K, committed 45516K, reserved 1089536K
  class space    used 5671K, capacity 6044K, committed 6144K, reserved 1048576K
}
Event: 11.448 GC heap before
{Heap before GC invocations=10 (full 0):
 garbage-first heap   total 262144K, used 165222K [0x0000000080000000, 0x0000000100000000)
  region size 1024K, 141 young (144384K), 13 survivors (13312K)
 Metaspace       used 56349K, capacity 57729K, committed 57804K, reserved 1099776K
  class space    used 7166K, capacity 7634K, committed 7680K, reserved 1048576K
}
Event: 11.471 GC heap after
{Heap after GC invocations=11 (full 0):
 garbage-first heap   total 262144K, used 46680K [0x0000000080000000, 0x0000000100000000)
  region size 1024K, 18 young (18432K), 18 survivors (18432K)
 Metaspace       used 56349K, capacity 57729K, committed 57804K, reserved 1099776K
  class space    used 7166K, capacity 7634K, committed 7680K, reserved 1048576K
}
Event: 11.776 GC heap before
{Heap before GC invocations=11 (full 0):
 garbage-first heap   total 262144K, used 70232K [0x0000000080000000, 0x0000000100000000)
  region size 1024K, 41 young (41984K), 18 survivors (18432K)
 Metaspace       used 58678K, capacity 60095K, committed 60236K, reserved 1101824K
  class space    used 7429K, capacity 7942K, committed 8064K, reserved 1048576K
}
Event: 11.797 GC heap after
{Heap after GC invocations=12 (full 0):
 garbage-first heap   total 262144K, used 50400K [0x0000000080000000, 0x0000000100000000)
  region size 1024K, 4 young (4096K), 4 survivors (4096K)
 Metaspace       used 58678K, capacity 60095K, committed 60236K, reserved 1101824K
  class space    used 7429K, capacity 7942K, committed 8064K, reserved 1048576K
}
Event: 12.952 GC heap before
{Heap before GC invocations=13 (full 0):
 garbage-first heap   total 262144K, used 145632K [0x0000000080000000, 0x0000000100000000)
  region size 1024K, 97 young (99328K), 4 survivors (4096K)
 Metaspace       used 66727K, capacity 68170K, committed 68300K, reserved 1107968K
  class space    used 8631K, capacity 9156K, committed 9216K, reserved 1048576K
}
Event: 12.967 GC heap after
{Heap after GC invocations=14 (full 0):
 garbage-first heap   total 262144K, used 55276K [0x0000000080000000, 0x0000000100000000)
  region size 1024K, 9 young (9216K), 9 survivors (9216K)
 Metaspace       used 66727K, capacity 68170K, committed 68300K, reserved 1107968K
  class space    used 8631K, capacity 9156K, committed 9216K, reserved 1048576K
}

