# JRE version: OpenJDK Runtime Environment (11.0.8+10) (build 11.0.8+10-b944.6842174)
# Java VM: OpenJDK 64-Bit Server VM (11.0.8+10-b944.6842174, mixed mode, tiered, compressed oops, g1 gc, windows-amd64)
Heap:
 garbage-first heap   total 448512K, used 164117K [0x0000000080000000, 0x0000000100000000)
  region size 1024K, 33 young (33792K), 11 survivors (11264K)
 Metaspace       used 132842K, capacity 135852K, committed 136020K, reserved 1167360K
  class space    used 16217K, capacity 17298K, committed 17356K, reserved 1048576K
GC Heap History (20 events):
Event: 31.398 GC heap before
{Heap before GC invocations=37 (full 0):
 garbage-first heap   total 378880K, used 300160K [0x0000000080000000, 0x0000000100000000)
  region size 1024K, 57 young (58368K), 3 survivors (3072K)
 Metaspace       used 105726K, capacity 108213K, committed 108372K, reserved 1142784K
  class space    used 13275K, capacity 14165K, committed 14284K, reserved 1048576K
}
Event: 31.416 GC heap after
{Heap after GC invocations=38 (full 0):
 garbage-first heap   total 378880K, used 254456K [0x0000000080000000, 0x0000000100000000)
  region size 1024K, 8 young (8192K), 8 survivors (8192K)
 Metaspace       used 105726K, capacity 108213K, committed 108372K, reserved 1142784K
  class space    used 13275K, capacity 14165K, committed 14284K, reserved 1048576K
}
Event: 31.802 GC heap before
{Heap before GC invocations=38 (full 0):
 garbage-first heap   total 378880K, used 321016K [0x0000000080000000, 0x0000000100000000)
  region size 1024K, 59 young (60416K), 8 survivors (8192K)
 Metaspace       used 106080K, capacity 108527K, committed 108628K, reserved 1144832K
  class space    used 13303K, capacity 14197K, committed 14284K, reserved 1048576K
}
Event: 31.826 GC heap after
{Heap after GC invocations=39 (full 0):
 garbage-first heap   total 448512K, used 277978K [0x0000000080000000, 0x0000000100000000)
  region size 1024K, 8 young (8192K), 8 survivors (8192K)
 Metaspace       used 106080K, capacity 108527K, committed 108628K, reserved 1144832K
  class space    used 13303K, capacity 14197K, committed 14284K, reserved 1048576K
}
Event: 32.234 GC heap before
{Heap before GC invocations=39 (full 0):
 garbage-first heap   total 448512K, used 349658K [0x0000000080000000, 0x0000000100000000)
  region size 1024K, 80 young (81920K), 8 survivors (8192K)
 Metaspace       used 106309K, capacity 108783K, committed 108884K, reserved 1144832K
  class space    used 13307K, capacity 14197K, committed 14284K, reserved 1048576K
}
Event: 32.244 GC heap after
{Heap after GC invocations=40 (full 0):
 garbage-first heap   total 448512K, used 278496K [0x0000000080000000, 0x0000000100000000)
  region size 1024K, 2 young (2048K), 2 survivors (2048K)
 Metaspace       used 106309K, capacity 108783K, committed 108884K, reserved 1144832K
  class space    used 13307K, capacity 14197K, committed 14284K, reserved 1048576K
}
Event: 33.123 GC heap before
{Heap before GC invocations=41 (full 0):
 garbage-first heap   total 448512K, used 376800K [0x0000000080000000, 0x0000000100000000)
  region size 1024K, 78 young (79872K), 2 survivors (2048K)
 Metaspace       used 107993K, capacity 110508K, committed 110676K, reserved 1144832K
  class space    used 13510K, capacity 14427K, committed 14540K, reserved 1048576K
}
Event: 33.137 GC heap after
{Heap after GC invocations=42 (full 0):
 garbage-first heap   total 448512K, used 280194K [0x0000000080000000, 0x0000000100000000)
  region size 1024K, 3 young (3072K), 3 survivors (3072K)
 Metaspace       used 107993K, capacity 110508K, committed 110676K, reserved 1144832K
  class space    used 13510K, capacity 14427K, committed 14540K, reserved 1048576K
}
Event: 33.356 GC heap before
{Heap before GC invocations=42 (full 0):
 garbage-first heap   total 448512K, used 298626K [0x0000000080000000, 0x0000000100000000)
  region size 1024K, 21 young (21504K), 3 survivors (3072K)
 Metaspace       used 108707K, capacity 111194K, committed 111444K, reserved 1146880K
  class space    used 13600K, capacity 14504K, committed 14540K, reserved 1048576K
}
Event: 33.376 GC heap after
{Heap after GC invocations=43 (full 0):
 garbage-first heap   total 448512K, used 275350K [0x0000000080000000, 0x0000000100000000)
  region size 1024K, 2 young (2048K), 2 survivors (2048K)
 Metaspace       used 108707K, capacity 111194K, committed 111444K, reserved 1146880K
  class space    used 13600K, capacity 14504K, committed 14540K, reserved 1048576K
}
Event: 51.248 GC heap before
{Heap before GC invocations=43 (full 0):
 garbage-first heap   total 448512K, used 359318K [0x0000000080000000, 0x0000000100000000)
  region size 1024K, 85 young (87040K), 2 survivors (2048K)
 Metaspace       used 111671K, capacity 114269K, committed 114516K, reserved 1148928K
  class space    used 13995K, capacity 14947K, committed 15052K, reserved 1048576K
}
Event: 51.258 GC heap after
{Heap after GC invocations=44 (full 0):
 garbage-first heap   total 448512K, used 277029K [0x0000000080000000, 0x0000000100000000)
  region size 1024K, 4 young (4096K), 4 survivors (4096K)
 Metaspace       used 111671K, capacity 114269K, committed 114516K, reserved 1148928K
  class space    used 13995K, capacity 14947K, committed 15052K, reserved 1048576K
}
Event: 53.359 GC heap before
{Heap before GC invocations=45 (full 0):
 garbage-first heap   total 448512K, used 263717K [0x0000000080000000, 0x0000000100000000)
  region size 1024K, 90 young (92160K), 4 survivors (4096K)
 Metaspace       used 120659K, capacity 123442K, committed 123604K, reserved 1157120K
  class space    used 14933K, capacity 15934K, committed 15948K, reserved 1048576K
}
Event: 53.374 GC heap after
{Heap after GC invocations=46 (full 0):
 garbage-first heap   total 448512K, used 179848K [0x0000000080000000, 0x0000000100000000)
  region size 1024K, 12 young (12288K), 12 survivors (12288K)
 Metaspace       used 120659K, capacity 123442K, committed 123604K, reserved 1157120K
  class space    used 14933K, capacity 15934K, committed 15948K, reserved 1048576K
}
Event: 53.432 GC heap before
{Heap before GC invocations=46 (full 0):
 garbage-first heap   total 448512K, used 189064K [0x0000000080000000, 0x0000000100000000)
  region size 1024K, 21 young (21504K), 12 survivors (12288K)
 Metaspace       used 120829K, capacity 123658K, committed 123860K, reserved 1157120K
  class space    used 14953K, capacity 15942K, committed 15948K, reserved 1048576K
}
Event: 53.444 GC heap after
{Heap after GC invocations=47 (full 0):
 garbage-first heap   total 448512K, used 137267K [0x0000000080000000, 0x0000000100000000)
  region size 1024K, 2 young (2048K), 2 survivors (2048K)
 Metaspace       used 120829K, capacity 123658K, committed 123860K, reserved 1157120K
  class space    used 14953K, capacity 15942K, committed 15948K, reserved 1048576K
}
Event: 53.613 GC heap before
{Heap before GC invocations=47 (full 0):
 garbage-first heap   total 448512K, used 156723K [0x0000000080000000, 0x0000000100000000)
  region size 1024K, 21 young (21504K), 2 survivors (2048K)
 Metaspace       used 121319K, capacity 124141K, committed 124244K, reserved 1157120K
  class space    used 14984K, capacity 15993K, committed 16076K, reserved 1048576K
}
Event: 53.624 GC heap after
{Heap after GC invocations=48 (full 0):
 garbage-first heap   total 448512K, used 132096K [0x0000000080000000, 0x0000000100000000)
  region size 1024K, 3 young (3072K), 3 survivors (3072K)
 Metaspace       used 121319K, capacity 124141K, committed 124244K, reserved 1157120K
  class space    used 14984K, capacity 15993K, committed 16076K, reserved 1048576K
}
Event: 66.984 GC heap before
{Heap before GC invocations=48 (full 0):
 garbage-first heap   total 448512K, used 291840K [0x0000000080000000, 0x0000000100000000)
  region size 1024K, 156 young (159744K), 3 survivors (3072K)
 Metaspace       used 132208K, capacity 135095K, committed 135380K, reserved 1167360K
  class space    used 16126K, capacity 17175K, committed 17228K, reserved 1048576K
}
Event: 67.001 GC heap after
{Heap after GC invocations=49 (full 0):
 garbage-first heap   total 448512K, used 140565K [0x0000000080000000, 0x0000000100000000)
  region size 1024K, 11 young (11264K), 11 survivors (11264K)
 Metaspace       used 132208K, capacity 135095K, committed 135380K, reserved 1167360K
  class space    used 16126K, capacity 17175K, committed 17228K, reserved 1048576K
}

